<?xml version="1.0" encoding="UTF-8"?>
<!-- Generated by org.testng.reporters.JUnitReportReporter -->
<testsuite skipped="0" hostname="DESKTOP-6T9AHA3" name="com.ffm.runner.TestRunner" tests="3" failures="0" timestamp="2021-05-30T15:15:38 EDT" time="52.387" errors="0">
  <testcase name="runScenario" time="15.988" classname="com.ffm.runner.TestRunner"/>
  <system-out/>
  <testcase name="runScenario" time="19.523" classname="com.ffm.runner.TestRunner"/>
  <system-out/>
  <testcase name="runScenario" time="16.876" classname="com.ffm.runner.TestRunner"/>
  <system-out/>
</testsuite> <!-- com.ffm.runner.TestRunner -->
